# JRE version: OpenJDK Runtime Environment GraalVM CE 22.3.0 (17.0.5+8) (build 17.0.5+8-jvmci-22.3-b08)
# Java VM: OpenJDK 64-Bit Server VM GraalVM CE 22.3.0 (17.0.5+8-jvmci-22.3-b08, mixed mode, sharing, tiered, jvmci, jvmci compiler, compressed oops, compressed class ptrs, parallel gc, linux-amd64)
GC Precious Log:
 CPUs: 8 total, 1 available
 Memory: 1024M
 Large Page Support: Disabled
 NUMA Support: Disabled
 Compressed Oops: Enabled (32-bit)
 Alignments: Space 512K, Generation 512K, Heap 2M
 Heap Min Capacity: 100M
 Heap Initial Capacity: 100M
 Heap Max Capacity: 512M
 Pre-touch: Disabled
 Parallel Workers: 1
Heap:
 PSYoungGen      total 40960K, used 29696K [0x00000000f5580000, 0x00000000f8980000, 0x0000000100000000)
  eden space 29696K, 100% used [0x00000000f5580000,0x00000000f7280000,0x00000000f7280000)
  from space 11264K, 0% used [0x00000000f7280000,0x00000000f7280000,0x00000000f7d80000)
  to   space 11264K, 0% used [0x00000000f7d80000,0x00000000f7d80000,0x00000000f8880000)
 ParOldGen       total 349696K, used 349695K [0x00000000e0000000, 0x00000000f5580000, 0x00000000f5580000)
  object space 349696K, 99% used [0x00000000e0000000,0x00000000f557fcf0,0x00000000f5580000)
 Metaspace       used 62321K, committed 63552K, reserved 1105920K
  class space    used 6013K, committed 6528K, reserved 1048576K
GC Heap History (20 events):
Event: 718.441 GC heap before
{Heap before GC invocations=675 (full 565):
 PSYoungGen      total 40960K, used 29695K [0x00000000f5580000, 0x00000000f8980000, 0x0000000100000000)
  eden space 29696K, 99% used [0x00000000f5580000,0x00000000f727fff8,0x00000000f7280000)
  from space 11264K, 0% used [0x00000000f7280000,0x00000000f7280000,0x00000000f7d80000)
  to   space 11264K, 0% used [0x00000000f7d80000,0x00000000f7d80000,0x00000000f8880000)
 ParOldGen       total 349696K, used 349686K [0x00000000e0000000, 0x00000000f5580000, 0x00000000f5580000)
  object space 349696K, 99% used [0x00000000e0000000,0x00000000f557da30,0x00000000f5580000)
 Metaspace       used 62321K, committed 63552K, reserved 1105920K
  class space    used 6013K, committed 6528K, reserved 1048576K
}
Event: 719.512 GC heap after
{Heap after GC invocations=675 (full 565):
 PSYoungGen      total 40960K, used 29695K [0x00000000f5580000, 0x00000000f8980000, 0x0000000100000000)
  eden space 29696K, 99% used [0x00000000f5580000,0x00000000f727fff8,0x00000000f7280000)
  from space 11264K, 0% used [0x00000000f7d80000,0x00000000f7d80000,0x00000000f8880000)
  to   space 11264K, 0% used [0x00000000f7280000,0x00000000f7280000,0x00000000f7d80000)
 ParOldGen       total 349696K, used 349686K [0x00000000e0000000, 0x00000000f5580000, 0x00000000f5580000)
  object space 349696K, 99% used [0x00000000e0000000,0x00000000f557da30,0x00000000f5580000)
 Metaspace       used 62321K, committed 63552K, reserved 1105920K
  class space    used 6013K, committed 6528K, reserved 1048576K
}
Event: 719.513 GC heap before
{Heap before GC invocations=676 (full 566):
 PSYoungGen      total 40960K, used 29695K [0x00000000f5580000, 0x00000000f8980000, 0x0000000100000000)
  eden space 29696K, 99% used [0x00000000f5580000,0x00000000f727fff8,0x00000000f7280000)
  from space 11264K, 0% used [0x00000000f7d80000,0x00000000f7d80000,0x00000000f8880000)
  to   space 11264K, 0% used [0x00000000f7280000,0x00000000f7280000,0x00000000f7d80000)
 ParOldGen       total 349696K, used 349688K [0x00000000e0000000, 0x00000000f5580000, 0x00000000f5580000)
  object space 349696K, 99% used [0x00000000e0000000,0x00000000f557e1f0,0x00000000f5580000)
 Metaspace       used 62321K, committed 63552K, reserved 1105920K
  class space    used 6013K, committed 6528K, reserved 1048576K
}
Event: 720.526 GC heap after
{Heap after GC invocations=676 (full 566):
 PSYoungGen      total 40960K, used 29695K [0x00000000f5580000, 0x00000000f8980000, 0x0000000100000000)
  eden space 29696K, 99% used [0x00000000f5580000,0x00000000f727ffa8,0x00000000f7280000)
  from space 11264K, 0% used [0x00000000f7280000,0x00000000f7280000,0x00000000f7d80000)
  to   space 11264K, 0% used [0x00000000f7d80000,0x00000000f7d80000,0x00000000f8880000)
 ParOldGen       total 349696K, used 349687K [0x00000000e0000000, 0x00000000f5580000, 0x00000000f5580000)
  object space 349696K, 99% used [0x00000000e0000000,0x00000000f557dfa8,0x00000000f5580000)
 Metaspace       used 62321K, committed 63552K, reserved 1105920K
  class space    used 6013K, committed 6528K, reserved 1048576K
}
Event: 720.526 GC heap before
{Heap before GC invocations=677 (full 567):
 PSYoungGen      total 40960K, used 29696K [0x00000000f5580000, 0x00000000f8980000, 0x0000000100000000)
  eden space 29696K, 100% used [0x00000000f5580000,0x00000000f7280000,0x00000000f7280000)
  from space 11264K, 0% used [0x00000000f7280000,0x00000000f7280000,0x00000000f7d80000)
  to   space 11264K, 0% used [0x00000000f7d80000,0x00000000f7d80000,0x00000000f8880000)
 ParOldGen       total 349696K, used 349687K [0x00000000e0000000, 0x00000000f5580000, 0x00000000f5580000)
  object space 349696K, 99% used [0x00000000e0000000,0x00000000f557dfa8,0x00000000f5580000)
 Metaspace       used 62321K, committed 63552K, reserved 1105920K
  class space    used 6013K, committed 6528K, reserved 1048576K
}
Event: 721.598 GC heap after
{Heap after GC invocations=677 (full 567):
 PSYoungGen      total 40960K, used 29696K [0x00000000f5580000, 0x00000000f8980000, 0x0000000100000000)
  eden space 29696K, 100% used [0x00000000f5580000,0x00000000f7280000,0x00000000f7280000)
  from space 11264K, 0% used [0x00000000f7d80000,0x00000000f7d80000,0x00000000f8880000)
  to   space 11264K, 0% used [0x00000000f7280000,0x00000000f7280000,0x00000000f7d80000)
 ParOldGen       total 349696K, used 349687K [0x00000000e0000000, 0x00000000f5580000, 0x00000000f5580000)
  object space 349696K, 99% used [0x00000000e0000000,0x00000000f557df98,0x00000000f5580000)
 Metaspace       used 62321K, committed 63552K, reserved 1105920K
  class space    used 6013K, committed 6528K, reserved 1048576K
}
Event: 721.600 GC heap before
{Heap before GC invocations=678 (full 568):
 PSYoungGen      total 40960K, used 29696K [0x00000000f5580000, 0x00000000f8980000, 0x0000000100000000)
  eden space 29696K, 100% used [0x00000000f5580000,0x00000000f7280000,0x00000000f7280000)
  from space 11264K, 0% used [0x00000000f7d80000,0x00000000f7d80000,0x00000000f8880000)
  to   space 11264K, 0% used [0x00000000f7280000,0x00000000f7280000,0x00000000f7d80000)
 ParOldGen       total 349696K, used 349691K [0x00000000e0000000, 0x00000000f5580000, 0x00000000f5580000)
  object space 349696K, 99% used [0x00000000e0000000,0x00000000f557ecb0,0x00000000f5580000)
 Metaspace       used 62321K, committed 63552K, reserved 1105920K
  class space    used 6013K, committed 6528K, reserved 1048576K
}
Event: 722.622 GC heap after
{Heap after GC invocations=678 (full 568):
 PSYoungGen      total 40960K, used 29695K [0x00000000f5580000, 0x00000000f8980000, 0x0000000100000000)
  eden space 29696K, 99% used [0x00000000f5580000,0x00000000f727fe18,0x00000000f7280000)
  from space 11264K, 0% used [0x00000000f7280000,0x00000000f7280000,0x00000000f7d80000)
  to   space 11264K, 0% used [0x00000000f7d80000,0x00000000f7d80000,0x00000000f8880000)
 ParOldGen       total 349696K, used 349690K [0x00000000e0000000, 0x00000000f5580000, 0x00000000f5580000)
  object space 349696K, 99% used [0x00000000e0000000,0x00000000f557eb40,0x00000000f5580000)
 Metaspace       used 62321K, committed 63552K, reserved 1105920K
  class space    used 6013K, committed 6528K, reserved 1048576K
}
Event: 722.622 GC heap before
{Heap before GC invocations=679 (full 569):
 PSYoungGen      total 40960K, used 29696K [0x00000000f5580000, 0x00000000f8980000, 0x0000000100000000)
  eden space 29696K, 100% used [0x00000000f5580000,0x00000000f7280000,0x00000000f7280000)
  from space 11264K, 0% used [0x00000000f7280000,0x00000000f7280000,0x00000000f7d80000)
  to   space 11264K, 0% used [0x00000000f7d80000,0x00000000f7d80000,0x00000000f8880000)
 ParOldGen       total 349696K, used 349690K [0x00000000e0000000, 0x00000000f5580000, 0x00000000f5580000)
  object space 349696K, 99% used [0x00000000e0000000,0x00000000f557eb40,0x00000000f5580000)
 Metaspace       used 62321K, committed 63552K, reserved 1105920K
  class space    used 6013K, committed 6528K, reserved 1048576K
}
Event: 723.646 GC heap after
{Heap after GC invocations=679 (full 569):
 PSYoungGen      total 40960K, used 29695K [0x00000000f5580000, 0x00000000f8980000, 0x0000000100000000)
  eden space 29696K, 99% used [0x00000000f5580000,0x00000000f727ff68,0x00000000f7280000)
  from space 11264K, 0% used [0x00000000f7d80000,0x00000000f7d80000,0x00000000f8880000)
  to   space 11264K, 0% used [0x00000000f7280000,0x00000000f7280000,0x00000000f7d80000)
 ParOldGen       total 349696K, used 349690K [0x00000000e0000000, 0x00000000f5580000, 0x00000000f5580000)
  object space 349696K, 99% used [0x00000000e0000000,0x00000000f557eb10,0x00000000f5580000)
 Metaspace       used 62321K, committed 63552K, reserved 1105920K
  class space    used 6013K, committed 6528K, reserved 1048576K
}
Event: 723.647 GC heap before
{Heap before GC invocations=680 (full 570):
 PSYoungGen      total 40960K, used 29695K [0x00000000f5580000, 0x00000000f8980000, 0x0000000100000000)
  eden space 29696K, 99% used [0x00000000f5580000,0x00000000f727fff8,0x00000000f7280000)
  from space 11264K, 0% used [0x00000000f7d80000,0x00000000f7d80000,0x00000000f8880000)
  to   space 11264K, 0% used [0x00000000f7280000,0x00000000f7280000,0x00000000f7d80000)
 ParOldGen       total 349696K, used 349690K [0x00000000e0000000, 0x00000000f5580000, 0x00000000f5580000)
  object space 349696K, 99% used [0x00000000e0000000,0x00000000f557eb10,0x00000000f5580000)
 Metaspace       used 62321K, committed 63552K, reserved 1105920K
  class space    used 6013K, committed 6528K, reserved 1048576K
}
Event: 724.614 GC heap after
{Heap after GC invocations=680 (full 570):
 PSYoungGen      total 40960K, used 29695K [0x00000000f5580000, 0x00000000f8980000, 0x0000000100000000)
  eden space 29696K, 99% used [0x00000000f5580000,0x00000000f727ffc8,0x00000000f7280000)
  from space 11264K, 0% used [0x00000000f7280000,0x00000000f7280000,0x00000000f7d80000)
  to   space 11264K, 0% used [0x00000000f7d80000,0x00000000f7d80000,0x00000000f8880000)
 ParOldGen       total 349696K, used 349690K [0x00000000e0000000, 0x00000000f5580000, 0x00000000f5580000)
  object space 349696K, 99% used [0x00000000e0000000,0x00000000f557eb10,0x00000000f5580000)
 Metaspace       used 62321K, committed 63552K, reserved 1105920K
  class space    used 6013K, committed 6528K, reserved 1048576K
}
Event: 724.614 GC heap before
{Heap before GC invocations=681 (full 571):
 PSYoungGen      total 40960K, used 29696K [0x00000000f5580000, 0x00000000f8980000, 0x0000000100000000)
  eden space 29696K, 100% used [0x00000000f5580000,0x00000000f7280000,0x00000000f7280000)
  from space 11264K, 0% used [0x00000000f7280000,0x00000000f7280000,0x00000000f7d80000)
  to   space 11264K, 0% used [0x00000000f7d80000,0x00000000f7d80000,0x00000000f8880000)
 ParOldGen       total 349696K, used 349690K [0x00000000e0000000, 0x00000000f5580000, 0x00000000f5580000)
  object space 349696K, 99% used [0x00000000e0000000,0x00000000f557eb10,0x00000000f5580000)
 Metaspace       used 62321K, committed 63552K, reserved 1105920K
  class space    used 6013K, committed 6528K, reserved 1048576K
}
Event: 725.603 GC heap after
{Heap after GC invocations=681 (full 571):
 PSYoungGen      total 40960K, used 29696K [0x00000000f5580000, 0x00000000f8980000, 0x0000000100000000)
  eden space 29696K, 100% used [0x00000000f5580000,0x00000000f7280000,0x00000000f7280000)
  from space 11264K, 0% used [0x00000000f7d80000,0x00000000f7d80000,0x00000000f8880000)
  to   space 11264K, 0% used [0x00000000f7280000,0x00000000f7280000,0x00000000f7d80000)
 ParOldGen       total 349696K, used 349690K [0x00000000e0000000, 0x00000000f5580000, 0x00000000f5580000)
  object space 349696K, 99% used [0x00000000e0000000,0x00000000f557eb10,0x00000000f5580000)
 Metaspace       used 62321K, committed 63552K, reserved 1105920K
  class space    used 6013K, committed 6528K, reserved 1048576K
}
Event: 725.604 GC heap before
{Heap before GC invocations=682 (full 572):
 PSYoungGen      total 40960K, used 29696K [0x00000000f5580000, 0x00000000f8980000, 0x0000000100000000)
  eden space 29696K, 100% used [0x00000000f5580000,0x00000000f7280000,0x00000000f7280000)
  from space 11264K, 0% used [0x00000000f7d80000,0x00000000f7d80000,0x00000000f8880000)
  to   space 11264K, 0% used [0x00000000f7280000,0x00000000f7280000,0x00000000f7d80000)
 ParOldGen       total 349696K, used 349694K [0x00000000e0000000, 0x00000000f5580000, 0x00000000f5580000)
  object space 349696K, 99% used [0x00000000e0000000,0x00000000f557f890,0x00000000f5580000)
 Metaspace       used 62321K, committed 63552K, reserved 1105920K
  class space    used 6013K, committed 6528K, reserved 1048576K
}
Event: 726.539 GC heap after
{Heap after GC invocations=682 (full 572):
 PSYoungGen      total 40960K, used 29696K [0x00000000f5580000, 0x00000000f8980000, 0x0000000100000000)
  eden space 29696K, 100% used [0x00000000f5580000,0x00000000f7280000,0x00000000f7280000)
  from space 11264K, 0% used [0x00000000f7280000,0x00000000f7280000,0x00000000f7d80000)
  to   space 11264K, 0% used [0x00000000f7d80000,0x00000000f7d80000,0x00000000f8880000)
 ParOldGen       total 349696K, used 349694K [0x00000000e0000000, 0x00000000f5580000, 0x00000000f5580000)
  object space 349696K, 99% used [0x00000000e0000000,0x00000000f557f878,0x00000000f5580000)
 Metaspace       used 62321K, committed 63552K, reserved 1105920K
  class space    used 6013K, committed 6528K, reserved 1048576K
}
Event: 726.539 GC heap before
{Heap before GC invocations=683 (full 573):
 PSYoungGen      total 40960K, used 29696K [0x00000000f5580000, 0x00000000f8980000, 0x0000000100000000)
  eden space 29696K, 100% used [0x00000000f5580000,0x00000000f7280000,0x00000000f7280000)
  from space 11264K, 0% used [0x00000000f7280000,0x00000000f7280000,0x00000000f7d80000)
  to   space 11264K, 0% used [0x00000000f7d80000,0x00000000f7d80000,0x00000000f8880000)
 ParOldGen       total 349696K, used 349694K [0x00000000e0000000, 0x00000000f5580000, 0x00000000f5580000)
  object space 349696K, 99% used [0x00000000e0000000,0x00000000f557fbf8,0x00000000f5580000)
 Metaspace       used 62321K, committed 63552K, reserved 1105920K
  class space    used 6013K, committed 6528K, reserved 1048576K
}
Event: 727.441 GC heap after
{Heap after GC invocations=683 (full 573):
 PSYoungGen      total 40960K, used 29696K [0x00000000f5580000, 0x00000000f8980000, 0x0000000100000000)
  eden space 29696K, 100% used [0x00000000f5580000,0x00000000f7280000,0x00000000f7280000)
  from space 11264K, 0% used [0x00000000f7d80000,0x00000000f7d80000,0x00000000f8880000)
  to   space 11264K, 0% used [0x00000000f7280000,0x00000000f7280000,0x00000000f7d80000)
 ParOldGen       total 349696K, used 349694K [0x00000000e0000000, 0x00000000f5580000, 0x00000000f5580000)
  object space 349696K, 99% used [0x00000000e0000000,0x00000000f557f840,0x00000000f5580000)
 Metaspace       used 62321K, committed 63552K, reserved 1105920K
  class space    used 6013K, committed 6528K, reserved 1048576K
}
Event: 727.441 GC heap before
{Heap before GC invocations=684 (full 574):
 PSYoungGen      total 40960K, used 29696K [0x00000000f5580000, 0x00000000f8980000, 0x0000000100000000)
  eden space 29696K, 100% used [0x00000000f5580000,0x00000000f7280000,0x00000000f7280000)
  from space 11264K, 0% used [0x00000000f7d80000,0x00000000f7d80000,0x00000000f8880000)
  to   space 11264K, 0% used [0x00000000f7280000,0x00000000f7280000,0x00000000f7d80000)
 ParOldGen       total 349696K, used 349694K [0x00000000e0000000, 0x00000000f5580000, 0x00000000f5580000)
  object space 349696K, 99% used [0x00000000e0000000,0x00000000f557f840,0x00000000f5580000)
 Metaspace       used 62321K, committed 63552K, reserved 1105920K
  class space    used 6013K, committed 6528K, reserved 1048576K
}
Event: 728.524 GC heap after
{Heap after GC invocations=684 (full 574):
 PSYoungGen      total 40960K, used 29695K [0x00000000f5580000, 0x00000000f8980000, 0x0000000100000000)
  eden space 29696K, 99% used [0x00000000f5580000,0x00000000f727fe40,0x00000000f7280000)
  from space 11264K, 0% used [0x00000000f7280000,0x00000000f7280000,0x00000000f7d80000)
  to   space 11264K, 0% used [0x00000000f7d80000,0x00000000f7d80000,0x00000000f8880000)
 ParOldGen       total 349696K, used 349693K [0x00000000e0000000, 0x00000000f5580000, 0x00000000f5580000)
  object space 349696K, 99% used [0x00000000e0000000,0x00000000f557f760,0x00000000f5580000)
 Metaspace       used 62321K, committed 63552K, reserved 1105920K
  class space    used 6013K, committed 6528K, reserved 1048576K
}

